2025-07-12T20:39:33.378393+0200 | INFO | Created test pick: Carlos Alcaraz vs Novak Djokovic
2025-07-12T20:39:58.472135+0200 | INFO | Created test pick: Carlos Alcaraz vs Novak Djokovic
2025-07-12T20:39:58.556584+0200 | INFO | Test pick stored in database
2025-07-12T20:39:58.802283+0200 | INFO | ✅ Test pick sent to Telegram successfully!
2025-07-12T20:39:58.813981+0200 | INFO | ✅ Test pick saved to website data file
2025-07-12T20:43:27.098367+0200 | INFO | Test pick created: Real Madrid vs AC Milan
2025-07-12T20:43:27.313673+0200 | INFO | Pick sent to Telegram successfully
2025-07-12T20:43:27.324332+0200 | INFO | Test pick saved to website data file
2025-07-12T20:52:44.431219+0200 | INFO | Test picks created: Germany vs Spain and France vs Netherlands
2025-07-12T20:52:44.773658+0200 | INFO | PICK 1 sent to Telegram successfully
2025-07-12T20:52:45.063110+0200 | INFO | PICK 2 sent to Telegram successfully
2025-07-12T20:52:45.076032+0200 | INFO | Test picks saved to website data file
2025-07-12T21:00:31.696495+0200 | INFO | Test pick created: Real Madrid vs AC Milan
2025-07-12T21:00:31.697888+0200 | WARNING | Telegram credentials not found
2025-07-12T21:04:58.023088+0200 | INFO | Test pick created: Manta FC vs Universidad Catolica
2025-07-12T21:04:58.026101+0200 | WARNING | Telegram credentials not found
2025-07-12T21:06:21.063127+0200 | INFO | Test pick created: Manta FC vs Universidad Catolica
2025-07-12T21:06:21.068001+0200 | INFO | Pick saved to website JSON file
2025-07-12T21:06:21.406586+0200 | INFO | Telegram message sent successfully
2025-07-12T22:10:47.634918+0200 | INFO | Test pick created: Manta FC vs Universidad Catolica
2025-07-12T22:10:47.638633+0200 | INFO | Pick saved to website JSON file
2025-07-12T22:10:47.841380+0200 | INFO | Telegram message sent successfully
